<?xml version="1.0" encoding="UTF-8" ?>
<testsuites>
  <testsuite errors="0" failures="0" hostname="DESKTOP-2IPKFCT" id="0" name="AnnotationsTest" package="wireframe" skipped="0" tests="3" time="0.357" timestamp="2017-12-01T11:57:58">
      <properties>
[...]
</properties>

      <testcase classname="wireframe.AnnotationsTest" name="test_setIsVisible_false" time="0.171" />

      <testcase classname="wireframe.AnnotationsTest" name="test_setIsVisible_true" time="0.003" />

      <testcase classname="wireframe.AnnotationsTest" name="test_isVisible_nominal" time="0.003" />

      <system-out><![CDATA[]]></system-out>

      <system-err><![CDATA[]]></system-err>

  </testsuite>
  <testsuite errors="0" failures="0" hostname="DESKTOP-2IPKFCT" id="1" name="ElementsTest" package="wireframe" skipped="0" tests="9" time="0.331" timestamp="2017-12-01T11:57:59">
      <properties>
[...]
</properties>

      <testcase classname="wireframe.ElementsTest" name="test_resize_invalidParameter" time="0.097" />

      <testcase classname="wireframe.ElementsTest" name="test_resize_nominal" time="0.0" />

      <testcase classname="wireframe.ElementsTest" name="test_move_nominal" time="0.0" />

      <testcase classname="wireframe.ElementsTest" name="test_annotate_emptyInput" time="0.001" />

      <testcase classname="wireframe.ElementsTest" name="test_move_locked" time="0.001" />

      <testcase classname="wireframe.ElementsTest" name="test_resize_locked" time="0.0" />

      <testcase classname="wireframe.ElementsTest" name="test_annotate_locked" time="0.0" />

      <testcase classname="wireframe.ElementsTest" name="test_annotate_nominal" time="0.078" />

      <testcase classname="wireframe.ElementsTest" name="test_move_invalidInput" time="0.0" />

      <system-out><![CDATA[]]></system-out>

      <system-err><![CDATA[]]></system-err>

  </testsuite>
  <testsuite errors="0" failures="0" hostname="DESKTOP-2IPKFCT" id="2" name="GroupTest" package="wireframe" skipped="0" tests="8" time="0.383" timestamp="2017-12-01T11:58:00">
      <properties>
[...]
</properties>

      <testcase classname="wireframe.GroupTest" name="test_removeFromGroup_nominal" time="0.182" />

      <testcase classname="wireframe.GroupTest" name="test_move_nominal" time="0.005" />

      <testcase classname="wireframe.GroupTest" name="test_addToGroup_nominal" time="0.013" />

      <testcase classname="wireframe.GroupTest" name="test_move_locked" time="0.009" />

      <testcase classname="wireframe.GroupTest" name="test_annotate_locked" time="0.004" />

      <testcase classname="wireframe.GroupTest" name="test_annotate_nominal" time="0.005" />

      <testcase classname="wireframe.GroupTest" name="test_move_subgroup" time="0.003" />

      <testcase classname="wireframe.GroupTest" name="test_addToGroup_locked" time="0.003" />

      <system-out><![CDATA[]]></system-out>

      <system-err><![CDATA[]]></system-err>

  </testsuite>
  <testsuite errors="0" failures="0" hostname="DESKTOP-2IPKFCT" id="3" name="GroupsTest" package="wireframe" skipped="0" tests="5" time="0.292" timestamp="2017-12-01T11:58:01">
      <properties>
[...]
</properties>

      <testcase classname="wireframe.GroupsTest" name="test_annotationComponent_nominal" time="0.155" />

      <testcase classname="wireframe.GroupsTest" name="test_setLock_nominal" time="0.0" />

      <testcase classname="wireframe.GroupsTest" name="test_hasAnnotation_false" time="0.0" />

      <testcase classname="wireframe.GroupsTest" name="test_setAnnotation_nominal" time="0.002" />

      <testcase classname="wireframe.GroupsTest" name="test_hasAnnotation_nominal" time="0.002" />

      <system-out><![CDATA[]]></system-out>

      <system-err><![CDATA[]]></system-err>

  </testsuite>
  <testsuite errors="0" failures="0" hostname="DESKTOP-2IPKFCT" id="4" name="TextTest" package="wireframe" skipped="0" tests="1" time="0.291" timestamp="2017-12-01T11:58:02">
      <properties>
[...]
</properties>

      <testcase classname="wireframe.TextTest" name="test_align_nominal" time="0.159" />

      <system-out><![CDATA[]]></system-out>

      <system-err><![CDATA[]]></system-err>

  </testsuite>
  <testsuite errors="2" failures="0" hostname="DESKTOP-2IPKFCT" id="5" name="WireframeTest" package="wireframe" skipped="0" tests="8" time="0.602" timestamp="2017-12-01T11:58:03">
      <properties>
[...]
</properties>

      <testcase classname="wireframe.WireframeTest" name="test_removeFromWireframe_noSuchGroup" time="0.166" />

      <testcase classname="wireframe.WireframeTest" name="test_GUI" time="0.115">
          <error message="&#xa;No X11 DISPLAY variable was set, but this program performed an operation which requires it." type="java.awt.HeadlessException">java.awt.HeadlessException: 
No X11 DISPLAY variable was set, but this program performed an operation which requires it.
	at java.awt.GraphicsEnvironment.checkHeadless(GraphicsEnvironment.java:204)
	at java.awt.Window.&lt;init&gt;(Window.java:536)
	at java.awt.Frame.&lt;init&gt;(Frame.java:420)
	at java.awt.Frame.&lt;init&gt;(Frame.java:385)
	at javax.swing.JFrame.&lt;init&gt;(JFrame.java:189)
	at wireframe.Wireframe.displayGUI(Wireframe.java:81)
	at wireframe.Wireframe.main(Wireframe.java:77)
	at wireframe.WireframeTest.test_GUI(WireframeTest.java:95)
	at sun.reflect.NativeMethodAccessorImpl.invoke0(Native Method)
	at sun.reflect.NativeMethodAccessorImpl.invoke(NativeMethodAccessorImpl.java:62)
	at sun.reflect.DelegatingMethodAccessorImpl.invoke(DelegatingMethodAccessorImpl.java:43)
	at java.lang.reflect.Method.invoke(Method.java:498)
	at org.junit.runners.model.FrameworkMethod$1.runReflectiveCall(FrameworkMethod.java:50)
	at org.junit.internal.runners.model.ReflectiveCallable.run(ReflectiveCallable.java:12)
	at org.junit.runners.model.FrameworkMethod.invokeExplosively(FrameworkMethod.java:47)
	at org.junit.internal.runners.statements.InvokeMethod.evaluate(InvokeMethod.java:17)
	at org.junit.internal.runners.statements.RunBefores.evaluate(RunBefores.java:26)
	at org.junit.runners.ParentRunner.runLeaf(ParentRunner.java:325)
	at org.junit.runners.BlockJUnit4ClassRunner.runChild(BlockJUnit4ClassRunner.java:78)
	at org.junit.runners.BlockJUnit4ClassRunner.runChild(BlockJUnit4ClassRunner.java:57)
	at org.junit.runners.ParentRunner$3.run(ParentRunner.java:290)
	at org.junit.runners.ParentRunner$1.schedule(ParentRunner.java:71)
	at org.junit.runners.ParentRunner.runChildren(ParentRunner.java:288)
	at org.junit.runners.ParentRunner.access$000(ParentRunner.java:58)
	at org.junit.runners.ParentRunner$2.evaluate(ParentRunner.java:268)
	at org.junit.runners.ParentRunner.run(ParentRunner.java:363)
	at junit.framework.JUnit4TestAdapter.run(JUnit4TestAdapter.java:38)
	at org.apache.tools.ant.taskdefs.optional.junit.JUnitTestRunner.run(JUnitTestRunner.java:535)
	at org.apache.tools.ant.taskdefs.optional.junit.JUnitTestRunner.launch(JUnitTestRunner.java:1182)
	at org.apache.tools.ant.taskdefs.optional.junit.JUnitTestRunner.main(JUnitTestRunner.java:1033)
</error>

      </testcase>

      <testcase classname="wireframe.WireframeTest" name="stressTest" time="0.168">
          <error message="&#xa;No X11 DISPLAY variable was set, but this program performed an operation which requires it." type="java.awt.HeadlessException">java.awt.HeadlessException: 
No X11 DISPLAY variable was set, but this program performed an operation which requires it.
	at java.awt.GraphicsEnvironment.checkHeadless(GraphicsEnvironment.java:204)
	at java.awt.Window.&lt;init&gt;(Window.java:536)
	at java.awt.Frame.&lt;init&gt;(Frame.java:420)
	at java.awt.Frame.&lt;init&gt;(Frame.java:385)
	at javax.swing.JFrame.&lt;init&gt;(JFrame.java:189)
	at wireframe.Wireframe.displayGUI(Wireframe.java:81)
	at wireframe.WireframeTest.stressTest(WireframeTest.java:118)
	at sun.reflect.NativeMethodAccessorImpl.invoke0(Native Method)
	at sun.reflect.NativeMethodAccessorImpl.invoke(NativeMethodAccessorImpl.java:62)
	at sun.reflect.DelegatingMethodAccessorImpl.invoke(DelegatingMethodAccessorImpl.java:43)
	at java.lang.reflect.Method.invoke(Method.java:498)
	at org.junit.runners.model.FrameworkMethod$1.runReflectiveCall(FrameworkMethod.java:50)
	at org.junit.internal.runners.model.ReflectiveCallable.run(ReflectiveCallable.java:12)
	at org.junit.runners.model.FrameworkMethod.invokeExplosively(FrameworkMethod.java:47)
	at org.junit.internal.runners.statements.InvokeMethod.evaluate(InvokeMethod.java:17)
	at org.junit.internal.runners.statements.RunBefores.evaluate(RunBefores.java:26)
	at org.junit.runners.ParentRunner.runLeaf(ParentRunner.java:325)
	at org.junit.runners.BlockJUnit4ClassRunner.runChild(BlockJUnit4ClassRunner.java:78)
	at org.junit.runners.BlockJUnit4ClassRunner.runChild(BlockJUnit4ClassRunner.java:57)
	at org.junit.runners.ParentRunner$3.run(ParentRunner.java:290)
	at org.junit.runners.ParentRunner$1.schedule(ParentRunner.java:71)
	at org.junit.runners.ParentRunner.runChildren(ParentRunner.java:288)
	at org.junit.runners.ParentRunner.access$000(ParentRunner.java:58)
	at org.junit.runners.ParentRunner$2.evaluate(ParentRunner.java:268)
	at org.junit.runners.ParentRunner.run(ParentRunner.java:363)
	at junit.framework.JUnit4TestAdapter.run(JUnit4TestAdapter.java:38)
	at org.apache.tools.ant.taskdefs.optional.junit.JUnitTestRunner.run(JUnitTestRunner.java:535)
	at org.apache.tools.ant.taskdefs.optional.junit.JUnitTestRunner.launch(JUnitTestRunner.java:1182)
	at org.apache.tools.ant.taskdefs.optional.junit.JUnitTestRunner.main(JUnitTestRunner.java:1033)
</error>

      </testcase>

      <testcase classname="wireframe.WireframeTest" name="test_removeFromWireframe_emptyFrame" time="0.0" />

      <testcase classname="wireframe.WireframeTest" name="test_moveGroupToIndex_nominal" time="0.001" />

      <testcase classname="wireframe.WireframeTest" name="test_removeFromWireframe_nominal" time="0.001" />

      <testcase classname="wireframe.WireframeTest" name="test_addToWireframe_nominal" time="0.0" />

      <testcase classname="wireframe.WireframeTest" name="test_moveGroupToIndex_invalidInput" time="0.001" />

      <system-out><![CDATA[]]></system-out>

      <system-err><![CDATA[]]></system-err>

  </testsuite>
</testsuites>
