<?xml version="1.0" encoding="UTF-8" ?>
<testsuite errors="0" failures="0" hostname="DESKTOP-2IPKFCT" name="wireframe.AnnotationsTest" skipped="0" tests="3" time="0.357" timestamp="2017-12-01T11:57:58">
  <properties>
[...]
</properties>
  <testcase classname="wireframe.AnnotationsTest" name="test_setIsVisible_false" time="0.171" />
  <testcase classname="wireframe.AnnotationsTest" name="test_setIsVisible_true" time="0.003" />
  <testcase classname="wireframe.AnnotationsTest" name="test_isVisible_nominal" time="0.003" />
  <system-out><![CDATA[]]></system-out>
  <system-err><![CDATA[]]></system-err>
</testsuite>
